WCCILevent   (0), 2019.04.12 10:46:11.756, SYS,  INFO,        1, Manager Start, PROJ, Conveyor, V 3.15 - 3.15   platform Windows AMD64 linked at Jan 31 2019 19:30:43 (3914f9beaa1)
WCCILevent   (0), 2019.04.12 10:46:11.769, SYS,  INFO,      108, License information, Host information
Hostname:   DESKTOP-J5M05O0
HW-code:    30119460530
HW-version: 31500002

WCCILevent   (0), 2019.04.12 10:46:11.773, SYS,  SEVERE,    105, Invalid license, DESKTOP-J5M05O0: No license found
WCCILevent   (0), 2019.04.12 10:46:11.781, SYS,  INFO,      108, License information, Using license file C:\Siemens\Automation\WinCC_OA\3.15\shield

WCCILevent   (0), 2019.04.12 10:46:11.824, SYS,  INFO,        3, Trying to connect to (SYS: 0 Data -num 0 CONN: 1) @ localhost:4897
WCCILevent   (0), 2019.04.12 10:46:11.826, SYS,  INFO,        4, Connected to (SYS: 0 Data -num 0 CONN: 1) @ DESKTOP-J5M05O0 (::1)
WCCILevent   (0), 2019.04.12 10:46:11.831, PARAM,SEVERE,     71, DP does not exist, _Connections.Event.ManNums:_original.._value
WCCILevent   (0), 2019.04.12 10:46:11.831, PARAM,SEVERE,     71, DP does not exist, _Connections.Event.StartTimes:_original.._value
WCCILevent   (0), 2019.04.12 10:46:11.831, PARAM,SEVERE,     71, DP does not exist, _Connections.Event.HostNames:_original.._value
WCCILevent   (0), 2019.04.12 10:46:11.831, PARAM,SEVERE,     71, DP does not exist, _Connections.Driver.ManNums:_original.._value
WCCILevent   (0), 2019.04.12 10:46:11.831, PARAM,SEVERE,     71, DP does not exist, _Connections.Driver.StartTimes:_original.._value
WCCILevent   (0), 2019.04.12 10:46:11.831, PARAM,SEVERE,     71, DP does not exist, _Connections.Driver.HostNames:_original.._value
WCCILevent   (0), 2019.04.12 10:46:11.831, PARAM,SEVERE,     71, DP does not exist, _Connections.Data.ManNums:_original.._value
WCCILevent   (0), 2019.04.12 10:46:11.831, PARAM,SEVERE,     71, DP does not exist, _Connections.Data.StartTimes:_original.._value
WCCILevent   (0), 2019.04.12 10:46:11.831, PARAM,SEVERE,     71, DP does not exist, _Connections.Data.HostNames:_original.._value
WCCILevent   (0), 2019.04.12 10:46:11.831, PARAM,SEVERE,     71, DP does not exist, _Connections.Ui.ManNums:_original.._value
WCCILevent   (0), 2019.04.12 10:46:11.831, PARAM,SEVERE,     71, DP does not exist, _Connections.Ui.StartTimes:_original.._value
WCCILevent   (0), 2019.04.12 10:46:11.831, PARAM,SEVERE,     71, DP does not exist, _Connections.Ui.HostNames:_original.._value
WCCILevent   (0), 2019.04.12 10:46:11.832, PARAM,SEVERE,     71, DP does not exist, _Connections.Ctrl.ManNums:_original.._value
WCCILevent   (0), 2019.04.12 10:46:11.832, PARAM,SEVERE,     71, DP does not exist, _Connections.Ctrl.StartTimes:_original.._value
WCCILevent   (0), 2019.04.12 10:46:11.832, PARAM,SEVERE,     71, DP does not exist, _Connections.Ctrl.HostNames:_original.._value
WCCILevent   (0), 2019.04.12 10:46:11.832, PARAM,SEVERE,     71, DP does not exist, _Connections.Ascii.ManNums:_original.._value
WCCILevent   (0), 2019.04.12 10:46:11.832, PARAM,SEVERE,     71, DP does not exist, _Connections.Ascii.StartTimes:_original.._value
WCCILevent   (0), 2019.04.12 10:46:11.832, PARAM,SEVERE,     71, DP does not exist, _Connections.Ascii.HostNames:_original.._value
WCCILevent   (0), 2019.04.12 10:46:11.832, PARAM,SEVERE,     71, DP does not exist, _Connections.Api.ManNums:_original.._value
WCCILevent   (0), 2019.04.12 10:46:11.832, PARAM,SEVERE,     71, DP does not exist, _Connections.Api.StartTimes:_original.._value
WCCILevent   (0), 2019.04.12 10:46:11.832, PARAM,SEVERE,     71, DP does not exist, _Connections.Api.HostNames:_original.._value
WCCILevent   (0), 2019.04.12 10:46:11.832, PARAM,SEVERE,     71, DP does not exist, _Connections.Device.ManNums:_original.._value
WCCILevent   (0), 2019.04.12 10:46:11.832, PARAM,SEVERE,     71, DP does not exist, _Connections.Device.StartTimes:_original.._value
WCCILevent   (0), 2019.04.12 10:46:11.832, PARAM,SEVERE,     71, DP does not exist, _Connections.Device.HostNames:_original.._value
WCCILevent   (0), 2019.04.12 10:46:11.832, PARAM,SEVERE,     71, DP does not exist, _Connections.Redu.ManNums:_original.._value
WCCILevent   (0), 2019.04.12 10:46:11.833, PARAM,SEVERE,     71, DP does not exist, _Connections.Redu.StartTimes:_original.._value
WCCILevent   (0), 2019.04.12 10:46:11.833, PARAM,SEVERE,     71, DP does not exist, _Connections.Redu.HostNames:_original.._value
WCCILevent   (0), 2019.04.12 10:46:11.833, PARAM,SEVERE,     71, DP does not exist, _Connections.Report.ManNums:_original.._value
WCCILevent   (0), 2019.04.12 10:46:11.833, PARAM,SEVERE,     71, DP does not exist, _Connections.Report.StartTimes:_original.._value
WCCILevent   (0), 2019.04.12 10:46:11.833, PARAM,SEVERE,     71, DP does not exist, _Connections.Report.HostNames:_original.._value
WCCILevent   (0), 2019.04.12 10:46:11.833, PARAM,SEVERE,     71, DP does not exist, _Connections.Dde.ManNums:_original.._value
WCCILevent   (0), 2019.04.12 10:46:11.833, PARAM,SEVERE,     71, DP does not exist, _Connections.Dde.StartTimes:_original.._value
WCCILevent   (0), 2019.04.12 10:46:11.833, PARAM,SEVERE,     71, DP does not exist, _Connections.Dde.HostNames:_original.._value
WCCILevent   (0), 2019.04.12 10:46:11.833, PARAM,SEVERE,     71, DP does not exist, _Connections.Dist.ManNums:_original.._value
WCCILevent   (0), 2019.04.12 10:46:11.833, PARAM,SEVERE,     71, DP does not exist, _Connections.Dist.StartTimes:_original.._value
WCCILevent   (0), 2019.04.12 10:46:11.833, PARAM,SEVERE,     71, DP does not exist, _Connections.Dist.HostNames:_original.._value
WCCILevent   (0), 2019.04.12 10:46:11.834, SYS,  SEVERE,    105, Invalid license, DESKTOP-J5M05O0: No license found
WCCILevent   (0), 2019.04.12 10:46:11.835, SYS,  INFO,        6, Initialization by Data Manager finished
WCCILevent   (0), 2019.04.12 10:46:11.835, SYS,  INFO,      169, Initialize 0 dp-functions
WCCILevent   (0), 2019.04.12 10:46:11.835, SYS,  INFO,      168, Initialize 0 alerts
WCCILevent   (0), 2019.04.12 10:46:11.835, PARAM,WARNING,     7, Datapoint does not exist, EvFixedLicenses, EvFixedLicenses, _Event.License.FixedShield
WCCILevent   (0), 2019.04.12 10:46:11.836, PARAM,WARNING,     7, Datapoint does not exist, UserTable, UserTable, _Users.UserId
WCCILevent   (0), 2019.04.12 10:46:11.836, PARAM,WARNING,     7, Datapoint does not exist, ManagerTable, ManagerTable, _Managers.Auth.ManType
WCCILevent   (0), 2019.04.12 10:46:11.836, PARAM,WARNING,     7, Datapoint does not exist, EventManager, doDpConnect, _System.Auth.DpType:_original.._value
WCCILevent   (0), 2019.04.12 10:46:11.836, PARAM,WARNING,     7, Datapoint does not exist, EventManager, doDpConnect, _System.Auth.Dp:_original.._value
WCCILevent   (0), 2019.04.12 10:46:11.836, PARAM,WARNING,     7, Datapoint does not exist, EventManager, doDpConnect, _System.Auth.DpAuth:_original.._value
WCCILevent   (0), 2019.04.12 10:46:11.836, PARAM,WARNING,     7, Datapoint does not exist, EventManager, doDpConnect, _System.Auth.DpAlias:_original.._value
WCCILevent   (0), 2019.04.12 10:46:11.836, PARAM,WARNING,     7, Datapoint does not exist, EventManager, dpDpConnect, _Event.ReadLicense
WCCILevent   (0), 2019.04.12 10:46:11.836, PARAM,WARNING,     8, Element does not exist, EventManager, doDpConnect, _Managers.Exit
WCCILevent   (0), 2019.04.12 10:46:11.836, PARAM,WARNING,     8, Element does not exist, EventManager, doDpConnect, _Managers.Refresh
WCCILevent   (0), 2019.04.12 10:46:11.836, PARAM,WARNING,     7, Datapoint does not exist, EventManager, evMain, _Event.License.ExpirationCnt
WCCILevent   (0), 2019.04.12 10:46:11.836, PARAM,WARNING,     7, Datapoint does not exist, EventManager, evMain, _Event.License.RemainingTime
WCCILevent   (0), 2019.04.12 10:46:11.837, PARAM,WARNING,     7, Datapoint does not exist, EventManager, evMain, _Event.License.alm.isRTILInvalid:_original.._value
WCCILevent   (0), 2019.04.12 10:46:11.837, PARAM,WARNING,     7, Datapoint does not exist, EventManager, evMain, _Event.License.alm.isPVSSInvalid:_original.._value
WCCILevent   (0), 2019.04.12 10:46:11.837, PARAM,WARNING,     7, Datapoint does not exist, EventManager, evMain, _Event.License.alm.shield:_original.._value
WCCILevent   (0), 2019.04.12 10:46:11.837, SYS,  SEVERE,    105, Invalid license, Eventmanager will shutdown after the demo period of 1800 seconds
WCCILevent   (0), 2019.04.12 10:46:11.982, SYS,  WARNING,   105, Invalid license, DESKTOP-J5M05O0: No license found, Running as demo version, driver
WCCILevent   (0), 2019.04.12 10:46:11.983, SYS,  INFO,        4, Connected to (SYS: 1 Driver -num 1 CONN: 1) @ DESKTOP-J5M05O0 (::1)
WCCILevent   (0), 2019.04.12 10:46:11.986, PARAM,WARNING,     7, Datapoint does not exist, DP: :_original.._value, MAN: (SYS: 1 Driver -num 1 CONN: 1)
WCCILevent   (0), 2019.04.12 10:46:11.987, PARAM,WARNING,     7, Datapoint does not exist, DP: :_original.._value, MAN: (SYS: 1 Driver -num 1 CONN: 1)
WCCILevent   (0), 2019.04.12 10:46:11.987, PARAM,WARNING,     7, Datapoint does not exist, DP: :_original.._value, MAN: (SYS: 1 Driver -num 1 CONN: 1)
WCCILevent   (0), 2019.04.12 10:46:11.987, PARAM,WARNING,     7, Datapoint does not exist, DP: :_original.._value, MAN: (SYS: 1 Driver -num 1 CONN: 1)
WCCILevent   (0), 2019.04.12 10:46:12.136, SYS,  WARNING,   105, Invalid license, DESKTOP-J5M05O0: No license found, Running as demo version, ascii
WCCILevent   (0), 2019.04.12 10:46:12.137, SYS,  INFO,        4, Connected to (SYS: 1 Ascii -num 1 CONN: 1) @ DESKTOP-J5M05O0 (::1)
WCCILevent   (0), 2019.04.12 10:46:12.494, SYS,  WARNING,    39, Connection lost, MAN: (SYS: 1 Ascii -num 1 CONN: 1), Connection reset by peer (10054)
WCCILevent   (0), 2019.04.12 10:46:12.647, SYS,  WARNING,   105, Invalid license, DESKTOP-J5M05O0: No license found, Running as demo version, ascii
WCCILevent   (0), 2019.04.12 10:46:12.648, SYS,  INFO,        4, Connected to (SYS: 1 Ascii -num 1 CONN: 1) @ DESKTOP-J5M05O0 (::1)
WCCILevent   (0), 2019.04.12 10:46:12.717, SYS,  WARNING,    39, Connection lost, MAN: (SYS: 1 Ascii -num 1 CONN: 1), Connection reset by peer (10054)
WCCILevent   (0), 2019.04.12 10:46:12.871, SYS,  WARNING,   105, Invalid license, DESKTOP-J5M05O0: No license found, Running as demo version, ascii
WCCILevent   (0), 2019.04.12 10:46:12.871, SYS,  INFO,        4, Connected to (SYS: 1 Ascii -num 1 CONN: 1) @ DESKTOP-J5M05O0 (::1)
WCCILevent   (0), 2019.04.12 10:46:13.258, SYS,  WARNING,    39, Connection lost, MAN: (SYS: 1 Ascii -num 1 CONN: 1), Connection reset by peer (10054)
WCCILevent   (0), 2019.04.12 10:46:13.405, SYS,  WARNING,   105, Invalid license, DESKTOP-J5M05O0: No license found, Running as demo version, ascii
WCCILevent   (0), 2019.04.12 10:46:13.406, SYS,  INFO,        4, Connected to (SYS: 1 Ascii -num 1 CONN: 1) @ DESKTOP-J5M05O0 (::1)
WCCILevent   (0), 2019.04.12 10:46:13.438, SYS,  WARNING,    39, Connection lost, MAN: (SYS: 1 Ascii -num 1 CONN: 1), Connection reset by peer (10054)
WCCILevent   (0), 2019.04.12 10:46:13.589, SYS,  WARNING,   105, Invalid license, DESKTOP-J5M05O0: No license found, Running as demo version, ascii
WCCILevent   (0), 2019.04.12 10:46:13.590, SYS,  INFO,        4, Connected to (SYS: 1 Ascii -num 1 CONN: 1) @ DESKTOP-J5M05O0 (::1)
WCCILevent   (0), 2019.04.12 10:46:13.612, SYS,  WARNING,    39, Connection lost, MAN: (SYS: 1 Ascii -num 1 CONN: 1), Connection reset by peer (10054)
WCCILevent   (0), 2019.04.12 10:46:13.765, SYS,  WARNING,   105, Invalid license, DESKTOP-J5M05O0: No license found, Running as demo version, ascii
WCCILevent   (0), 2019.04.12 10:46:13.766, SYS,  INFO,        4, Connected to (SYS: 1 Ascii -num 1 CONN: 1) @ DESKTOP-J5M05O0 (::1)
WCCILevent   (0), 2019.04.12 10:46:13.809, SYS,  WARNING,    39, Connection lost, MAN: (SYS: 1 Ascii -num 1 CONN: 1), Connection reset by peer (10054)
WCCILevent   (0), 2019.04.12 10:46:14.089, SYS,  WARNING,   105, Invalid license, DESKTOP-J5M05O0: No license found, Running as demo version, ascii
WCCILevent   (0), 2019.04.12 10:46:14.090, SYS,  INFO,        4, Connected to (SYS: 1 Ascii -num 1 CONN: 1) @ DESKTOP-J5M05O0 (::1)
WCCILevent   (0), 2019.04.12 10:46:17.663, SYS,  WARNING,    39, Connection lost, MAN: (SYS: 1 Ascii -num 1 CONN: 1), Connection reset by peer (10054)
WCCILevent   (0), 2019.04.12 10:46:17.817, SYS,  WARNING,   105, Invalid license, DESKTOP-J5M05O0: No license found, Running as demo version, ascii
WCCILevent   (0), 2019.04.12 10:46:17.818, SYS,  INFO,        4, Connected to (SYS: 1 Ascii -num 1 CONN: 1) @ DESKTOP-J5M05O0 (::1)
WCCILevent   (0), 2019.04.12 10:46:17.836, SYS,  WARNING,    39, Connection lost, MAN: (SYS: 1 Ascii -num 1 CONN: 1), Connection reset by peer (10054)
WCCILevent   (0), 2019.04.12 10:46:17.993, SYS,  WARNING,   105, Invalid license, DESKTOP-J5M05O0: No license found, Running as demo version, ascii
WCCILevent   (0), 2019.04.12 10:46:17.993, SYS,  INFO,        4, Connected to (SYS: 1 Ascii -num 1 CONN: 1) @ DESKTOP-J5M05O0 (::1)
WCCILevent   (0), 2019.04.12 10:46:18.109, SYS,  WARNING,    39, Connection lost, MAN: (SYS: 1 Ascii -num 1 CONN: 1), Connection reset by peer (10054)
WCCILevent   (0), 2019.04.12 10:46:18.373, SYS,  WARNING,   105, Invalid license, DESKTOP-J5M05O0: No license found, Running as demo version, ascii
WCCILevent   (0), 2019.04.12 10:46:18.374, SYS,  INFO,        4, Connected to (SYS: 1 Ascii -num 1 CONN: 1) @ DESKTOP-J5M05O0 (::1)
WCCILevent   (0), 2019.04.12 10:46:18.396, SYS,  WARNING,    39, Connection lost, MAN: (SYS: 1 Ascii -num 1 CONN: 1), Connection reset by peer (10054)
WCCILevent   (0), 2019.04.12 10:46:20.431, SYS,  INFO,       39, Connection lost, MAN: (SYS: 1 Driver -num 1 CONN: 1), Connection closed
WCCILevent   (0), 2019.04.12 10:46:20.468, SYS,  INFO,        2, Manager Stop, received signal 15, exiting
WCCILevent   (0), 2019.04.12 10:46:20.535, SYS,  INFO,        2, Manager Stop, start cleanup
WCCILevent   (0), 2019.04.12 10:46:20.536, SYS,  INFO,      181, Closing connection to (SYS: 1 Data -num 0 CONN: 1)
WCCILevent   (0), 2019.04.12 10:46:22.538, SYS,  INFO,       39, Connection lost, MAN: (SYS: 1 Data -num 0 CONN: 1), Connection closed
WCCILevent   (0), 2019.04.12 10:46:22.549, SYS,  INFO,        2, Manager Stop
