WCCILsim     (1), 2019.04.12 10:46:11.967, SYS,  INFO,        1, Manager Start, PROJ, Conveyor, V 3.15 - 3.15   platform Windows AMD64 linked at Jan 31 2019 19:30:43 (3914f9beaa1)
WCCILsim     (1), 2019.04.12 10:46:11.972, SYS,  INFO,        3, Trying to connect to (SYS: 0 Data -num 0 CONN: 1) @ localhost:4897
WCCILsim     (1), 2019.04.12 10:46:11.975, SYS,  INFO,        4, Connected to (SYS: 0 Data -num 0 CONN: 1) @ DESKTOP-J5M05O0 (::1)
WCCILsim     (1), 2019.04.12 10:46:11.977, PARAM,SEVERE,     71, DP does not exist, _Stat_Configs_driver_1._address:_original.._value
WCCILsim     (1), 2019.04.12 10:46:11.977, PARAM,SEVERE,     71, DP does not exist, _Stat_Configs_driver_1._cmd_conv:_original.._value
WCCILsim     (1), 2019.04.12 10:46:11.978, PARAM,SEVERE,     71, DP does not exist, _Stat_Configs_driver_1._msg_conv:_original.._value
WCCILsim     (1), 2019.04.12 10:46:11.978, PARAM,SEVERE,     71, DP does not exist, _Stat_Configs_driver_1._smooth:_original.._value
WCCILsim     (1), 2019.04.12 10:46:11.978, PARAM,SEVERE,     71, DP does not exist, _Stat_Configs_Refresh.SecsToRefresh:_original.._value
WCCILsim     (1), 2019.04.12 10:46:11.979, SYS,  INFO,        6, Initialization by Data Manager finished
WCCILsim     (1), 2019.04.12 10:46:11.980, SYS,  INFO,        3, Trying to connect to (SYS: 1 Event -num 0 CONN: 1) @ localhost:4998
WCCILsim     (1), 2019.04.12 10:46:11.981, SYS,  INFO,        4, Connected to (SYS: 1 Event -num 0 CONN: 1) @ DESKTOP-J5M05O0 (::1)
WCCILsim     (1), 2019.04.12 10:46:11.986, SYS,  SEVERE,    105, Invalid license, Driver will shutdown after the demo period of 1800 seconds
WCCILsim     (1), 2019.04.12 10:46:11.986, SYS,  INFO,      156, Driver initialization finished.
WCCILsim     (1), 2019.04.12 10:46:11.987, PARAM,WARNING,    54, Unexpected state, Cannot get DPID for _Driver1.AL.AClasses:_original.._value
WCCILsim     (1), 2019.04.12 10:46:11.987, PARAM,WARNING,    54, Unexpected state, Cannot get DPID for _Driver1.AL.AckDps:_original.._value
WCCILsim     (1), 2019.04.12 10:46:11.987, PARAM,WARNING,    54, Unexpected state, Cannot get DPID for _Driver1.AL.AckData:_original.._value
WCCILsim     (1), 2019.04.12 10:46:11.998, PARAM,WARNING,    90, DP attribute was connected twice, DP: (Type: 0 Sys: 1 Dp: 0 El: 0 : ..)
WCCILsim     (1), 2019.04.12 10:46:11.998, PARAM,WARNING,    54, Unexpected state, AlertDrvIntDp, dpReady, dpConnect failed to Ack DPs
WCCILsim     (1), 2019.04.12 10:46:18.400, SYS,  INFO,      170, Signal SIGTERM received - exiting ...
WCCILsim     (1), 2019.04.12 10:46:20.431, SYS,  INFO,      181, Closing connection to (SYS: 1 Data -num 0 CONN: 1)
WCCILsim     (1), 2019.04.12 10:46:20.431, SYS,  INFO,      181, Closing connection to (SYS: 1 Event -num 0 CONN: 1)
WCCILsim     (1), 2019.04.12 10:46:20.432, SYS,  INFO,       39, Connection lost, MAN: (SYS: 1 Data -num 0 CONN: 1), Connection closed
WCCILsim     (1), 2019.04.12 10:46:20.432, SYS,  INFO,       39, Connection lost, MAN: (SYS: 1 Event -num 0 CONN: 1), Connection closed
WCCILsim     (1), 2019.04.12 10:46:20.433, SYS,  INFO,        2, Manager Stop
