[1][5][2][0]
[1][3][2][0]
[1][8][4][0]
[1][3][3][0]
[1][8][3][0]
[1][6][2][0]
[1][2][3][0]
[1][4][3][0]
[1][2][2][0]
[1][5][3][0]
[1][10][4][0]
[1][4][2][0]
[1][8][3][0]
[1][4][2][0]
[1][5][4][0]
[1][6][2][0]
[1][4][2][0]
[1][3][3][0]
[1][3][3][0]
[1][4][3][0]
[1][6][2][0]
[1][5][3][0]
[1][6][3][0]
[1][7][2][0]
[1][9][3][0]
[1][5][3][0]
[1][2][3][0]
[1][7][2][0]
[1][0][3][0]
[1][7][3][0]
[1][6][3][0]
[1][9][3][0]
[1][6][2][0]
[1][5][2][0]
[1][0][3][0]
[1][8][2][0]
["determMass = 1"]
["type = 0"]
[1][2][4][0]
["determMass = 1"]
["type = 1"]
[1][4][3][0]
["determMass = 1"]
["type = 1"]
[1][5][2][0]
["determMass = 1"]
["type = 0"]
[1][2][2][0]
[1][4][3][0]
["determMass = 1"]
["type = 0"]
[1][7][4][0]
[1][3][4][0]
[1][3][3][0]
[1][3][2][0]
[1][3][4][0]
[1][3][4][0]
[1][6][4][0]
[1][3][2][0]
[1][6][3][0]
[1][8][3][0]
[1][2][4][0]
[1][3][3][0]
[1][6][3][0]
[1][5][3][0]
[1][8][2][0]
[1][4][3][0]
[1][6][2][0]
[1][4][4][0]
[1][3][2][0]
[1][6][4][0]
[1][2][3][0]
[1][6][3][0]
[1][6][4][0]
[1][2][3][0]
["dpname=System1:A_bucket0.count.value"]
["determMass = 1"]
["type = 0"]
[1][1][4][0]
[1][4][2][0]
["determMass = 1"]
["type = 0"]
["determMass = 1"]
["type = 0"]
[1][5][2][0]
[1][6][4][0]
[1][4][2][0]
["determMass = 1"]
["type = 0"]
["determMass = 1"]
["type = 0"]
[1][5][3][0]
[1][2][4][0]
[1][4][2][0]
["determMass = 1"]
["type = 0"]
["determMass = 1"]
["type = 0"]
[1][6][3][0]
[1][2][2][0]
[1][4][2][0]
["determMass = 1"]
["type = 0"]
["determMass = 1"]
["type = 0"]
[1][7][2][0]
[1][2][3][0]
[1][4][4][0]
["determMass = 1"]
["type = 0"]
["determMass = 1"]
["type = 0"]
[1][4][4][0]
[1][5][3][0]
[1][5][3][0]
["determMass = 1"]
["type = 0"]
["determMass = 1"]
["type = 0"]
[1][3][2][0]
[1][4][3][0]
[1][5][3][0]
["determMass = 1"]
["type = 0"]
["determMass = 1"]
["type = 0"]
[1][3][2][0]
[1][4][2][0]
[1][6][2][0]
["determMass = 1"]
["type = 0"]
["determMass = 1"]
["type = 0"]
[1][1][2][0]
[1][2][3][0]
[1][5][4][0]
["determMass = 1"]
["type = 0"]
["determMass = 1"]
["type = 0"]
[1][0][4][0]
[1][3][3][0]
[1][6][4][0]
["determMass = 1"]
["type = 0"]
["determMass = 1"]
["type = 0"]
[1][4][2][0]
[1][2][4][0]
[1][3][2][0]
["determMass = 1"]
["type = 0"]
["determMass = 1"]
["type = 0"]
[1][5][3][0]
[1][7][3][0]
[1][3][4][0]
["determMass = 1"]
["type = 1"]
["determMass = 1"]
["type = 1"]
[1][6][3][0]
[1][6][3][0]
[1][8][3][0]
["determMass = 1"]
["type = 1"]
["determMass = 1"]
["type = 1"]
[1][5][4][0]
[1][8][3][0]
[1][1][3][0]
["determMass = 1"]
["type = 0"]
[1][1][4][0]
["determMass = 1"]
["type = 0"]
[1][5][3][0]
["determMass = 1"]
["type = 0"]
[1][5][3][0]
["determMass = 1"]
["type = 0"]
[1][5][4][0]
["determMass = 1"]
["type = 0"]
[1][2][4][0]
["determMass = 1"]
["type = 0"]
[1][5][3][0]
["determMass = 1"]
["type = 0"]
[1][8][3][0]
["determMass = 1"]
["type = 0"]
[1][0][4][0]
["determMass = 1"]
["type = 1"]
[1][3][2][0]
["determMass = 1"]
["type = 1"]
[1][0][2][0]
["determMass = 1"]
["type = 1"]
[1][3][2][0]
["determMass = 1"]
["type = 1"]
[1][7][3][0]
["determMass = 1"]
["type = 1"]
[1][6][3][0]
["determMass = 1"]
["type = 1"]
[1][6][2][0]
["by 5"]
["by 1"]
[0]
[0.1]
[0.1]
[0.1]
[0.1]
[0.1]
[0.1]
[0.1]
[0.1]
[0.1]
[0.1]
[0.1]
[0.1]
[0.1]
[0.1]
[0.1]
[0.1]
[0.1]
[0.1]
[0.1]
[0.1]
[0.1]
[0.1]
[0.1]
[0.1]
[0.1]
[0.1]
[0.1]
[0.1]
[0.1]
